###############################################################
#  Generated by:      Cadence Innovus 20.10-p004_1
#  OS:                Linux x86_64(Host ID AVLSI-PC22)
#  Generated on:      Tue Sep  5 01:25:11 2023
#  Design:            alu_top_module
#  Command:           verifyPowerVia
###############################################################
Verify Power Via report created on Tue Sep  5 01:25:11 2023

Net VDD: Missing orthogonal adjacent via at (-67.440, 152.600) (-65.440, 153.360) between layers: metal1 and  metal2.
Net VDD: Missing orthogonal adjacent via at (-67.440, 122.360) (-65.440, 123.120) between layers: metal1 and  metal2.
Net VDD: Missing orthogonal adjacent via at (-67.440, 132.440) (-65.440, 133.200) between layers: metal1 and  metal2.
Net VDD: Missing orthogonal adjacent via at (-67.440, 21.560) (-65.440, 22.320) between layers: metal1 and  metal2.
Net VDD: Missing orthogonal adjacent via at (-67.440, 31.640) (-65.440, 32.400) between layers: metal1 and  metal2.
Net VDD: Missing orthogonal adjacent via at (-67.440, 82.040) (-65.440, 82.800) between layers: metal1 and  metal2.
Net VDD: Missing orthogonal adjacent via at (-67.440, 51.800) (-65.440, 52.560) between layers: metal1 and  metal2.
Net VDD: Missing orthogonal adjacent via at (-67.440, -159.880) (-65.440, -159.120) between layers: metal1 and  metal2.
Net VDD: Missing orthogonal adjacent via at (-67.440, -139.720) (-65.440, -138.960) between layers: metal1 and  metal2.
Net VDD: Missing orthogonal adjacent via at (-67.440, -99.400) (-65.440, -98.640) between layers: metal1 and  metal2.
Net VDD: Missing orthogonal adjacent via at (-67.440, -129.640) (-65.440, -128.880) between layers: metal1 and  metal2.
Net VDD: Missing orthogonal adjacent via at (-67.440, -69.160) (-65.440, -68.400) between layers: metal1 and  metal2.
Net VDD: Missing orthogonal adjacent via at (-67.440, -59.080) (-65.440, -58.320) between layers: metal1 and  metal2.
Net VDD: Missing orthogonal adjacent via at (-67.440, -8.680) (-65.440, -7.920) between layers: metal1 and  metal2.
Net VDD: Missing orthogonal adjacent via at (-67.440, -18.760) (-65.440, -18.000) between layers: metal1 and  metal2.
Net VDD: Missing orthogonal adjacent via at (-67.440, -89.320) (-65.440, -88.560) between layers: metal1 and  metal2.
Net VDD: Missing orthogonal adjacent via at (-67.440, -38.920) (-65.440, -38.160) between layers: metal1 and  metal2.
Net VDD: Missing orthogonal adjacent via at (-67.440, 1.400) (-65.440, 2.160) between layers: metal1 and  metal2.
Net VDD: Missing orthogonal adjacent via at (-67.440, -28.840) (-65.440, -28.080) between layers: metal1 and  metal2.
Net VDD: Missing orthogonal adjacent via at (-67.440, -49.000) (-65.440, -48.240) between layers: metal1 and  metal2.
Net VDD: Missing orthogonal adjacent via at (-67.440, -79.240) (-65.440, -78.480) between layers: metal1 and  metal2.
Net VDD: Missing orthogonal adjacent via at (-67.440, -109.480) (-65.440, -108.720) between layers: metal1 and  metal2.
Net VDD: Missing orthogonal adjacent via at (-67.440, -119.560) (-65.440, -118.800) between layers: metal1 and  metal2.
Net VDD: Missing orthogonal adjacent via at (-67.440, -149.800) (-65.440, -149.040) between layers: metal1 and  metal2.
Net VDD: Missing orthogonal adjacent via at (-67.440, 92.120) (-65.440, 92.880) between layers: metal1 and  metal2.
Net VDD: Missing orthogonal adjacent via at (-67.440, 71.960) (-65.440, 72.720) between layers: metal1 and  metal2.
Net VDD: Missing orthogonal adjacent via at (-67.440, 61.880) (-65.440, 62.640) between layers: metal1 and  metal2.
Net VDD: Missing orthogonal adjacent via at (-67.440, 41.720) (-65.440, 42.480) between layers: metal1 and  metal2.
Net VDD: Missing orthogonal adjacent via at (-67.440, 11.480) (-65.440, 12.240) between layers: metal1 and  metal2.
Net VDD: Missing orthogonal adjacent via at (-67.440, 112.280) (-65.440, 113.040) between layers: metal1 and  metal2.
Net VDD: Missing orthogonal adjacent via at (-67.440, 102.200) (-65.440, 102.960) between layers: metal1 and  metal2.
Net VDD: Missing orthogonal adjacent via at (-67.440, 142.520) (-65.440, 143.280) between layers: metal1 and  metal2.
Net VDD: Missing orthogonal adjacent via at (-20.820, 152.600) (-18.820, 153.360) between layers: metal1 and  metal2.
Net VDD: Missing orthogonal adjacent via at (-20.820, 122.360) (-18.820, 123.120) between layers: metal1 and  metal2.
Net VDD: Missing orthogonal adjacent via at (-20.820, 132.440) (-18.820, 133.200) between layers: metal1 and  metal2.
Net VDD: Missing orthogonal adjacent via at (-20.820, 21.560) (-18.820, 22.320) between layers: metal1 and  metal2.
Net VDD: Missing orthogonal adjacent via at (-20.820, 31.640) (-18.820, 32.400) between layers: metal1 and  metal2.
Net VDD: Missing orthogonal adjacent via at (-20.820, 82.040) (-18.820, 82.800) between layers: metal1 and  metal2.
Net VDD: Missing orthogonal adjacent via at (-20.820, 51.800) (-18.820, 52.560) between layers: metal1 and  metal2.
Net VDD: Missing orthogonal adjacent via at (-20.820, -159.880) (-18.820, -159.120) between layers: metal1 and  metal2.
Net VDD: Missing orthogonal adjacent via at (-20.820, -139.720) (-18.820, -138.960) between layers: metal1 and  metal2.
Net VDD: Missing orthogonal adjacent via at (-20.820, -99.400) (-18.820, -98.640) between layers: metal1 and  metal2.
Net VDD: Missing orthogonal adjacent via at (-20.820, -129.640) (-18.820, -128.880) between layers: metal1 and  metal2.
Net VDD: Missing orthogonal adjacent via at (-20.820, -69.160) (-18.820, -68.400) between layers: metal1 and  metal2.
Net VDD: Missing orthogonal adjacent via at (-20.820, -59.080) (-18.820, -58.320) between layers: metal1 and  metal2.
Net VDD: Missing orthogonal adjacent via at (-20.820, -8.680) (-18.820, -7.920) between layers: metal1 and  metal2.
Net VDD: Missing orthogonal adjacent via at (-20.820, -18.760) (-18.820, -18.000) between layers: metal1 and  metal2.
Net VDD: Missing orthogonal adjacent via at (-20.820, -89.320) (-18.820, -88.560) between layers: metal1 and  metal2.
Net VDD: Missing orthogonal adjacent via at (-20.820, -38.920) (-18.820, -38.160) between layers: metal1 and  metal2.
Net VDD: Missing orthogonal adjacent via at (-20.820, 1.400) (-18.820, 2.160) between layers: metal1 and  metal2.
Net VDD: Missing orthogonal adjacent via at (-20.820, -28.840) (-18.820, -28.080) between layers: metal1 and  metal2.
Net VDD: Missing orthogonal adjacent via at (-20.820, -49.000) (-18.820, -48.240) between layers: metal1 and  metal2.
Net VDD: Missing orthogonal adjacent via at (-20.820, -79.240) (-18.820, -78.480) between layers: metal1 and  metal2.
Net VDD: Missing orthogonal adjacent via at (-20.820, -109.480) (-18.820, -108.720) between layers: metal1 and  metal2.
Net VDD: Missing orthogonal adjacent via at (-20.820, -119.560) (-18.820, -118.800) between layers: metal1 and  metal2.
Net VDD: Missing orthogonal adjacent via at (-20.820, -149.800) (-18.820, -149.040) between layers: metal1 and  metal2.
Net VDD: Missing orthogonal adjacent via at (-20.820, 92.120) (-18.820, 92.880) between layers: metal1 and  metal2.
Net VDD: Missing orthogonal adjacent via at (-20.820, 71.960) (-18.820, 72.720) between layers: metal1 and  metal2.
Net VDD: Missing orthogonal adjacent via at (-20.820, 61.880) (-18.820, 62.640) between layers: metal1 and  metal2.
Net VDD: Missing orthogonal adjacent via at (-20.820, 41.720) (-18.820, 42.480) between layers: metal1 and  metal2.
Net VDD: Missing orthogonal adjacent via at (-20.820, 11.480) (-18.820, 12.240) between layers: metal1 and  metal2.
Net VDD: Missing orthogonal adjacent via at (-20.820, 112.280) (-18.820, 113.040) between layers: metal1 and  metal2.
Net VDD: Missing orthogonal adjacent via at (-20.820, 102.200) (-18.820, 102.960) between layers: metal1 and  metal2.
Net VDD: Missing orthogonal adjacent via at (-20.820, 142.520) (-18.820, 143.280) between layers: metal1 and  metal2.
Net VDD: Missing orthogonal adjacent via at (25.800, 152.600) (27.800, 153.360) between layers: metal1 and  metal2.
Net VDD: Missing orthogonal adjacent via at (25.800, 122.360) (27.800, 123.120) between layers: metal1 and  metal2.
Net VDD: Missing orthogonal adjacent via at (25.800, 132.440) (27.800, 133.200) between layers: metal1 and  metal2.
Net VDD: Missing orthogonal adjacent via at (25.800, 21.560) (27.800, 22.320) between layers: metal1 and  metal2.
Net VDD: Missing orthogonal adjacent via at (25.800, 31.640) (27.800, 32.400) between layers: metal1 and  metal2.
Net VDD: Missing orthogonal adjacent via at (25.800, 82.040) (27.800, 82.800) between layers: metal1 and  metal2.
Net VDD: Missing orthogonal adjacent via at (25.800, 51.800) (27.800, 52.560) between layers: metal1 and  metal2.
Net VDD: Missing orthogonal adjacent via at (25.800, -159.880) (27.800, -159.120) between layers: metal1 and  metal2.
Net VDD: Missing orthogonal adjacent via at (25.800, -139.720) (27.800, -138.960) between layers: metal1 and  metal2.
Net VDD: Missing orthogonal adjacent via at (25.800, -99.400) (27.800, -98.640) between layers: metal1 and  metal2.
Net VDD: Missing orthogonal adjacent via at (25.800, -129.640) (27.800, -128.880) between layers: metal1 and  metal2.
Net VDD: Missing orthogonal adjacent via at (25.800, -69.160) (27.800, -68.400) between layers: metal1 and  metal2.
Net VDD: Missing orthogonal adjacent via at (25.800, -59.080) (27.800, -58.320) between layers: metal1 and  metal2.
Net VDD: Missing orthogonal adjacent via at (25.800, -8.680) (27.800, -7.920) between layers: metal1 and  metal2.
Net VDD: Missing orthogonal adjacent via at (25.800, -18.760) (27.800, -18.000) between layers: metal1 and  metal2.
Net VDD: Missing orthogonal adjacent via at (25.800, -89.320) (27.800, -88.560) between layers: metal1 and  metal2.
Net VDD: Missing orthogonal adjacent via at (25.800, -38.920) (27.800, -38.160) between layers: metal1 and  metal2.
Net VDD: Missing orthogonal adjacent via at (25.800, 1.400) (27.800, 2.160) between layers: metal1 and  metal2.
Net VDD: Missing orthogonal adjacent via at (25.800, -28.840) (27.800, -28.080) between layers: metal1 and  metal2.
Net VDD: Missing orthogonal adjacent via at (25.800, -49.000) (27.800, -48.240) between layers: metal1 and  metal2.
Net VDD: Missing orthogonal adjacent via at (25.800, -79.240) (27.800, -78.480) between layers: metal1 and  metal2.
Net VDD: Missing orthogonal adjacent via at (25.800, -109.480) (27.800, -108.720) between layers: metal1 and  metal2.
Net VDD: Missing orthogonal adjacent via at (25.800, -119.560) (27.800, -118.800) between layers: metal1 and  metal2.
Net VDD: Missing orthogonal adjacent via at (25.800, -149.800) (27.800, -149.040) between layers: metal1 and  metal2.
Net VDD: Missing orthogonal adjacent via at (25.800, 92.120) (27.800, 92.880) between layers: metal1 and  metal2.
Net VDD: Missing orthogonal adjacent via at (25.800, 71.960) (27.800, 72.720) between layers: metal1 and  metal2.
Net VDD: Missing orthogonal adjacent via at (25.800, 61.880) (27.800, 62.640) between layers: metal1 and  metal2.
Net VDD: Missing orthogonal adjacent via at (25.800, 41.720) (27.800, 42.480) between layers: metal1 and  metal2.
Net VDD: Missing orthogonal adjacent via at (25.800, 11.480) (27.800, 12.240) between layers: metal1 and  metal2.
Net VDD: Missing orthogonal adjacent via at (25.800, 112.280) (27.800, 113.040) between layers: metal1 and  metal2.
Net VDD: Missing orthogonal adjacent via at (25.800, 102.200) (27.800, 102.960) between layers: metal1 and  metal2.
Net VDD: Missing orthogonal adjacent via at (25.800, 142.520) (27.800, 143.280) between layers: metal1 and  metal2.
Net VDD: Missing orthogonal adjacent via at (72.420, 142.520) (74.420, 143.280) between layers: metal1 and  metal2.
Net VDD: Missing orthogonal adjacent via at (72.420, 102.200) (74.420, 102.960) between layers: metal1 and  metal2.
Net VDD: Missing orthogonal adjacent via at (72.420, 112.280) (74.420, 113.040) between layers: metal1 and  metal2.
Net VDD: Missing orthogonal adjacent via at (72.420, 11.480) (74.420, 12.240) between layers: metal1 and  metal2.
Net VDD: Missing orthogonal adjacent via at (72.420, 41.720) (74.420, 42.480) between layers: metal1 and  metal2.
Net VDD: Missing orthogonal adjacent via at (72.420, 61.880) (74.420, 62.640) between layers: metal1 and  metal2.
Net VDD: Missing orthogonal adjacent via at (72.420, 71.960) (74.420, 72.720) between layers: metal1 and  metal2.
Net VDD: Missing orthogonal adjacent via at (72.420, 92.120) (74.420, 92.880) between layers: metal1 and  metal2.
Net VDD: Missing orthogonal adjacent via at (72.420, -49.000) (74.420, -48.240) between layers: metal1 and  metal2.
Net VDD: Missing orthogonal adjacent via at (72.420, -28.840) (74.420, -28.080) between layers: metal1 and  metal2.
Net VDD: Missing orthogonal adjacent via at (72.420, 1.400) (74.420, 2.160) between layers: metal1 and  metal2.
Net VDD: Missing orthogonal adjacent via at (72.420, -38.920) (74.420, -38.160) between layers: metal1 and  metal2.
Net VDD: Missing orthogonal adjacent via at (72.420, -18.760) (74.420, -18.000) between layers: metal1 and  metal2.
Net VDD: Missing orthogonal adjacent via at (72.420, -8.680) (74.420, -7.920) between layers: metal1 and  metal2.
Net VDD: Missing orthogonal adjacent via at (72.420, -59.080) (74.420, -58.320) between layers: metal1 and  metal2.
Net VDD: Missing orthogonal adjacent via at (72.420, -69.160) (74.420, -68.400) between layers: metal1 and  metal2.
Net VDD: Missing orthogonal adjacent via at (72.420, 51.800) (74.420, 52.560) between layers: metal1 and  metal2.
Net VDD: Missing orthogonal adjacent via at (72.420, 82.040) (74.420, 82.800) between layers: metal1 and  metal2.
Net VDD: Missing orthogonal adjacent via at (72.420, 31.640) (74.420, 32.400) between layers: metal1 and  metal2.
Net VDD: Missing orthogonal adjacent via at (72.420, 21.560) (74.420, 22.320) between layers: metal1 and  metal2.
Net VDD: Missing orthogonal adjacent via at (72.420, 132.440) (74.420, 133.200) between layers: metal1 and  metal2.
Net VDD: Missing orthogonal adjacent via at (72.420, 122.360) (74.420, 123.120) between layers: metal1 and  metal2.
Net VDD: Missing orthogonal adjacent via at (72.420, 152.600) (74.420, 153.360) between layers: metal1 and  metal2.
Net GND: Missing orthogonal adjacent via at (-74.440, 147.560) (-72.440, 148.320) between layers: metal1 and  metal2.
Net GND: Missing orthogonal adjacent via at (-74.440, 107.240) (-72.440, 108.000) between layers: metal1 and  metal2.
Net GND: Missing orthogonal adjacent via at (-74.440, 117.320) (-72.440, 118.080) between layers: metal1 and  metal2.
Net GND: Missing orthogonal adjacent via at (-74.440, 16.520) (-72.440, 17.280) between layers: metal1 and  metal2.
Net GND: Missing orthogonal adjacent via at (-74.440, 46.760) (-72.440, 47.520) between layers: metal1 and  metal2.
Net GND: Missing orthogonal adjacent via at (-74.440, 66.920) (-72.440, 67.680) between layers: metal1 and  metal2.
Net GND: Missing orthogonal adjacent via at (-74.440, 77.000) (-72.440, 77.760) between layers: metal1 and  metal2.
Net GND: Missing orthogonal adjacent via at (-74.440, 97.160) (-72.440, 97.920) between layers: metal1 and  metal2.
Net GND: Missing orthogonal adjacent via at (-74.440, -144.760) (-72.440, -144.000) between layers: metal1 and  metal2.
Net GND: Missing orthogonal adjacent via at (-74.440, -114.520) (-72.440, -113.760) between layers: metal1 and  metal2.
Net GND: Missing orthogonal adjacent via at (-74.440, -104.440) (-72.440, -103.680) between layers: metal1 and  metal2.
Net GND: Missing orthogonal adjacent via at (-74.440, -74.200) (-72.440, -73.440) between layers: metal1 and  metal2.
Net GND: Missing orthogonal adjacent via at (-74.440, -43.960) (-72.440, -43.200) between layers: metal1 and  metal2.
Net GND: Missing orthogonal adjacent via at (-74.440, -23.800) (-72.440, -23.040) between layers: metal1 and  metal2.
Net GND: Missing orthogonal adjacent via at (-74.440, 6.440) (-72.440, 7.200) between layers: metal1 and  metal2.
Net GND: Missing orthogonal adjacent via at (-74.440, -33.880) (-72.440, -33.120) between layers: metal1 and  metal2.
Net GND: Missing orthogonal adjacent via at (-74.440, -84.280) (-72.440, -83.520) between layers: metal1 and  metal2.
Net GND: Missing orthogonal adjacent via at (-74.440, -13.720) (-72.440, -12.960) between layers: metal1 and  metal2.
Net GND: Missing orthogonal adjacent via at (-74.440, -3.640) (-72.440, -2.880) between layers: metal1 and  metal2.
Net GND: Missing orthogonal adjacent via at (-74.440, -54.040) (-72.440, -53.280) between layers: metal1 and  metal2.
Net GND: Missing orthogonal adjacent via at (-74.440, -64.120) (-72.440, -63.360) between layers: metal1 and  metal2.
Net GND: Missing orthogonal adjacent via at (-74.440, -124.600) (-72.440, -123.840) between layers: metal1 and  metal2.
Net GND: Missing orthogonal adjacent via at (-74.440, -94.360) (-72.440, -93.600) between layers: metal1 and  metal2.
Net GND: Missing orthogonal adjacent via at (-74.440, -134.680) (-72.440, -133.920) between layers: metal1 and  metal2.
Net GND: Missing orthogonal adjacent via at (-74.440, -154.840) (-72.440, -154.080) between layers: metal1 and  metal2.
Net GND: Missing orthogonal adjacent via at (-74.440, 56.840) (-72.440, 57.600) between layers: metal1 and  metal2.
Net GND: Missing orthogonal adjacent via at (-74.440, 87.080) (-72.440, 87.840) between layers: metal1 and  metal2.
Net GND: Missing orthogonal adjacent via at (-74.440, 36.680) (-72.440, 37.440) between layers: metal1 and  metal2.
Net GND: Missing orthogonal adjacent via at (-74.440, 26.600) (-72.440, 27.360) between layers: metal1 and  metal2.
Net GND: Missing orthogonal adjacent via at (-74.440, 137.480) (-72.440, 138.240) between layers: metal1 and  metal2.
Net GND: Missing orthogonal adjacent via at (-74.440, 127.400) (-72.440, 128.160) between layers: metal1 and  metal2.
Net GND: Missing orthogonal adjacent via at (-74.440, 157.640) (-72.440, 158.400) between layers: metal1 and  metal2.
Net GND: Missing orthogonal adjacent via at (-27.820, 147.560) (-25.820, 148.320) between layers: metal1 and  metal2.
Net GND: Missing orthogonal adjacent via at (-27.820, 107.240) (-25.820, 108.000) between layers: metal1 and  metal2.
Net GND: Missing orthogonal adjacent via at (-27.820, 117.320) (-25.820, 118.080) between layers: metal1 and  metal2.
Net GND: Missing orthogonal adjacent via at (-27.820, 16.520) (-25.820, 17.280) between layers: metal1 and  metal2.
Net GND: Missing orthogonal adjacent via at (-27.820, 46.760) (-25.820, 47.520) between layers: metal1 and  metal2.
Net GND: Missing orthogonal adjacent via at (-27.820, 66.920) (-25.820, 67.680) between layers: metal1 and  metal2.
Net GND: Missing orthogonal adjacent via at (-27.820, 77.000) (-25.820, 77.760) between layers: metal1 and  metal2.
Net GND: Missing orthogonal adjacent via at (-27.820, 97.160) (-25.820, 97.920) between layers: metal1 and  metal2.
Net GND: Missing orthogonal adjacent via at (-27.820, -144.760) (-25.820, -144.000) between layers: metal1 and  metal2.
Net GND: Missing orthogonal adjacent via at (-27.820, -114.520) (-25.820, -113.760) between layers: metal1 and  metal2.
Net GND: Missing orthogonal adjacent via at (-27.820, -104.440) (-25.820, -103.680) between layers: metal1 and  metal2.
Net GND: Missing orthogonal adjacent via at (-27.820, -74.200) (-25.820, -73.440) between layers: metal1 and  metal2.
Net GND: Missing orthogonal adjacent via at (-27.820, -43.960) (-25.820, -43.200) between layers: metal1 and  metal2.
Net GND: Missing orthogonal adjacent via at (-27.820, -23.800) (-25.820, -23.040) between layers: metal1 and  metal2.
Net GND: Missing orthogonal adjacent via at (-27.820, 6.440) (-25.820, 7.200) between layers: metal1 and  metal2.
Net GND: Missing orthogonal adjacent via at (-27.820, -33.880) (-25.820, -33.120) between layers: metal1 and  metal2.
Net GND: Missing orthogonal adjacent via at (-27.820, -84.280) (-25.820, -83.520) between layers: metal1 and  metal2.
Net GND: Missing orthogonal adjacent via at (-27.820, -13.720) (-25.820, -12.960) between layers: metal1 and  metal2.
Net GND: Missing orthogonal adjacent via at (-27.820, -3.640) (-25.820, -2.880) between layers: metal1 and  metal2.
Net GND: Missing orthogonal adjacent via at (-27.820, -54.040) (-25.820, -53.280) between layers: metal1 and  metal2.
Net GND: Missing orthogonal adjacent via at (-27.820, -64.120) (-25.820, -63.360) between layers: metal1 and  metal2.
Net GND: Missing orthogonal adjacent via at (-27.820, -124.600) (-25.820, -123.840) between layers: metal1 and  metal2.
Net GND: Missing orthogonal adjacent via at (-27.820, -94.360) (-25.820, -93.600) between layers: metal1 and  metal2.
Net GND: Missing orthogonal adjacent via at (-27.820, -134.680) (-25.820, -133.920) between layers: metal1 and  metal2.
Net GND: Missing orthogonal adjacent via at (-27.820, -154.840) (-25.820, -154.080) between layers: metal1 and  metal2.
Net GND: Missing orthogonal adjacent via at (-27.820, 56.840) (-25.820, 57.600) between layers: metal1 and  metal2.
Net GND: Missing orthogonal adjacent via at (-27.820, 87.080) (-25.820, 87.840) between layers: metal1 and  metal2.
Net GND: Missing orthogonal adjacent via at (-27.820, 36.680) (-25.820, 37.440) between layers: metal1 and  metal2.
Net GND: Missing orthogonal adjacent via at (-27.820, 26.600) (-25.820, 27.360) between layers: metal1 and  metal2.
Net GND: Missing orthogonal adjacent via at (-27.820, 137.480) (-25.820, 138.240) between layers: metal1 and  metal2.
Net GND: Missing orthogonal adjacent via at (-27.820, 127.400) (-25.820, 128.160) between layers: metal1 and  metal2.
Net GND: Missing orthogonal adjacent via at (-27.820, 157.640) (-25.820, 158.400) between layers: metal1 and  metal2.
Net GND: Missing orthogonal adjacent via at (18.800, 147.560) (20.800, 148.320) between layers: metal1 and  metal2.
Net GND: Missing orthogonal adjacent via at (18.800, 107.240) (20.800, 108.000) between layers: metal1 and  metal2.
Net GND: Missing orthogonal adjacent via at (18.800, 117.320) (20.800, 118.080) between layers: metal1 and  metal2.
Net GND: Missing orthogonal adjacent via at (18.800, 16.520) (20.800, 17.280) between layers: metal1 and  metal2.
Net GND: Missing orthogonal adjacent via at (18.800, 46.760) (20.800, 47.520) between layers: metal1 and  metal2.
Net GND: Missing orthogonal adjacent via at (18.800, 66.920) (20.800, 67.680) between layers: metal1 and  metal2.
Net GND: Missing orthogonal adjacent via at (18.800, 77.000) (20.800, 77.760) between layers: metal1 and  metal2.
Net GND: Missing orthogonal adjacent via at (18.800, 97.160) (20.800, 97.920) between layers: metal1 and  metal2.
Net GND: Missing orthogonal adjacent via at (18.800, -144.760) (20.800, -144.000) between layers: metal1 and  metal2.
Net GND: Missing orthogonal adjacent via at (18.800, -114.520) (20.800, -113.760) between layers: metal1 and  metal2.
Net GND: Missing orthogonal adjacent via at (18.800, -104.440) (20.800, -103.680) between layers: metal1 and  metal2.
Net GND: Missing orthogonal adjacent via at (18.800, -74.200) (20.800, -73.440) between layers: metal1 and  metal2.
Net GND: Missing orthogonal adjacent via at (18.800, -43.960) (20.800, -43.200) between layers: metal1 and  metal2.
Net GND: Missing orthogonal adjacent via at (18.800, -23.800) (20.800, -23.040) between layers: metal1 and  metal2.
Net GND: Missing orthogonal adjacent via at (18.800, 6.440) (20.800, 7.200) between layers: metal1 and  metal2.
Net GND: Missing orthogonal adjacent via at (18.800, -33.880) (20.800, -33.120) between layers: metal1 and  metal2.
Net GND: Missing orthogonal adjacent via at (18.800, -84.280) (20.800, -83.520) between layers: metal1 and  metal2.
Net GND: Missing orthogonal adjacent via at (18.800, -13.720) (20.800, -12.960) between layers: metal1 and  metal2.
Net GND: Missing orthogonal adjacent via at (18.800, -3.640) (20.800, -2.880) between layers: metal1 and  metal2.
Net GND: Missing orthogonal adjacent via at (18.800, -54.040) (20.800, -53.280) between layers: metal1 and  metal2.
Net GND: Missing orthogonal adjacent via at (18.800, -64.120) (20.800, -63.360) between layers: metal1 and  metal2.
Net GND: Missing orthogonal adjacent via at (18.800, -124.600) (20.800, -123.840) between layers: metal1 and  metal2.
Net GND: Missing orthogonal adjacent via at (18.800, -94.360) (20.800, -93.600) between layers: metal1 and  metal2.
Net GND: Missing orthogonal adjacent via at (18.800, -134.680) (20.800, -133.920) between layers: metal1 and  metal2.
Net GND: Missing orthogonal adjacent via at (18.800, -154.840) (20.800, -154.080) between layers: metal1 and  metal2.
Net GND: Missing orthogonal adjacent via at (18.800, 56.840) (20.800, 57.600) between layers: metal1 and  metal2.
Net GND: Missing orthogonal adjacent via at (18.800, 87.080) (20.800, 87.840) between layers: metal1 and  metal2.
Net GND: Missing orthogonal adjacent via at (18.800, 36.680) (20.800, 37.440) between layers: metal1 and  metal2.
Net GND: Missing orthogonal adjacent via at (18.800, 26.600) (20.800, 27.360) between layers: metal1 and  metal2.
Net GND: Missing orthogonal adjacent via at (18.800, 137.480) (20.800, 138.240) between layers: metal1 and  metal2.
Net GND: Missing orthogonal adjacent via at (18.800, 127.400) (20.800, 128.160) between layers: metal1 and  metal2.
Net GND: Missing orthogonal adjacent via at (18.800, 157.640) (20.800, 158.400) between layers: metal1 and  metal2.
Net GND: Missing orthogonal adjacent via at (65.420, 147.560) (67.420, 148.320) between layers: metal1 and  metal2.
Net GND: Missing orthogonal adjacent via at (65.420, 107.240) (67.420, 108.000) between layers: metal1 and  metal2.
Net GND: Missing orthogonal adjacent via at (65.420, 117.320) (67.420, 118.080) between layers: metal1 and  metal2.
Net GND: Missing orthogonal adjacent via at (65.420, 16.520) (67.420, 17.280) between layers: metal1 and  metal2.
Net GND: Missing orthogonal adjacent via at (65.420, 46.760) (67.420, 47.520) between layers: metal1 and  metal2.
Net GND: Missing orthogonal adjacent via at (65.420, 66.920) (67.420, 67.680) between layers: metal1 and  metal2.
Net GND: Missing orthogonal adjacent via at (65.420, 77.000) (67.420, 77.760) between layers: metal1 and  metal2.
Net GND: Missing orthogonal adjacent via at (65.420, 97.160) (67.420, 97.920) between layers: metal1 and  metal2.
Net GND: Missing orthogonal adjacent via at (65.420, -64.120) (67.420, -63.360) between layers: metal1 and  metal2.
Net GND: Missing orthogonal adjacent via at (65.420, -54.040) (67.420, -53.280) between layers: metal1 and  metal2.
Net GND: Missing orthogonal adjacent via at (65.420, -3.640) (67.420, -2.880) between layers: metal1 and  metal2.
Net GND: Missing orthogonal adjacent via at (65.420, -13.720) (67.420, -12.960) between layers: metal1 and  metal2.
Net GND: Missing orthogonal adjacent via at (65.420, -33.880) (67.420, -33.120) between layers: metal1 and  metal2.
Net GND: Missing orthogonal adjacent via at (65.420, 6.440) (67.420, 7.200) between layers: metal1 and  metal2.
Net GND: Missing orthogonal adjacent via at (65.420, -23.800) (67.420, -23.040) between layers: metal1 and  metal2.
Net GND: Missing orthogonal adjacent via at (65.420, -43.960) (67.420, -43.200) between layers: metal1 and  metal2.
Net GND: Missing orthogonal adjacent via at (65.420, -74.200) (67.420, -73.440) between layers: metal1 and  metal2.
Net GND: Missing orthogonal adjacent via at (65.420, 56.840) (67.420, 57.600) between layers: metal1 and  metal2.
Net GND: Missing orthogonal adjacent via at (65.420, 87.080) (67.420, 87.840) between layers: metal1 and  metal2.
Net GND: Missing orthogonal adjacent via at (65.420, 36.680) (67.420, 37.440) between layers: metal1 and  metal2.
Net GND: Missing orthogonal adjacent via at (65.420, 26.600) (67.420, 27.360) between layers: metal1 and  metal2.
Net GND: Missing orthogonal adjacent via at (65.420, 137.480) (67.420, 138.240) between layers: metal1 and  metal2.
Net GND: Missing orthogonal adjacent via at (65.420, 127.400) (67.420, 128.160) between layers: metal1 and  metal2.
Net GND: Missing orthogonal adjacent via at (65.420, 157.640) (67.420, 158.400) between layers: metal1 and  metal2.
Net GND: Missing orthogonal adjacent via at (-151.230, 36.680) (-141.230, 37.440) between layers: metal3 and  metal4.
Net GND: Missing orthogonal adjacent via at (-151.230, 26.600) (-141.230, 27.360) between layers: metal3 and  metal4.

Begin Summary
    Missing 239 Via(s) between Layers: metal1 and metal2.
    Missing 2 Via(s) between Layers: metal3 and metal4.
    241 total info(s) created.
End Summary
