###############################################################
#  Generated by:      Cadence Innovus 20.10-p004_1
#  OS:                Linux x86_64(Host ID AVLSI-PC22)
#  Generated on:      Tue Sep  5 01:24:05 2023
#  Design:            alu_top_module
#  Command:           verifyMetalDensity -report alu_top_module.density.rpt
###############################################################

Verify Density report created on Tue Sep  5 01:24:05 2023

###############################################################
# Layer       M1 - Window size      : 100.0um X 100.0um
# Layer       M1 - Window step      : 50.0um X 50.0um
# Layer       M1 - Min Density      : 20%
# Layer       M1 - Pref Density     : 35%
# Layer       M1 - Max Density      : 80%
# Layer       M1 - Ext Density      : 35%
# Layer       M2 - Window size      : 100.0um X 100.0um
# Layer       M2 - Window step      : 50.0um X 50.0um
# Layer       M2 - Min Density      : 20%
# Layer       M2 - Pref Density     : 35%
# Layer       M2 - Max Density      : 80%
# Layer       M2 - Ext Density      : 35%
# Layer       M3 - Window size      : 100.0um X 100.0um
# Layer       M3 - Window step      : 50.0um X 50.0um
# Layer       M3 - Min Density      : 20%
# Layer       M3 - Pref Density     : 35%
# Layer       M3 - Max Density      : 80%
# Layer       M3 - Ext Density      : 35%
# Layer       M4 - Window size      : 100.0um X 100.0um
# Layer       M4 - Window step      : 50.0um X 50.0um
# Layer       M4 - Min Density      : 20%
# Layer       M4 - Pref Density     : 35%
# Layer       M4 - Max Density      : 80%
# Layer       M4 - Ext Density      : 35%
# Layer       M5 - Window size      : 100.0um X 100.0um
# Layer       M5 - Window step      : 50.0um X 50.0um
# Layer       M5 - Min Density      : 20%
# Layer       M5 - Pref Density     : 35%
# Layer       M5 - Max Density      : 80%
# Layer       M5 - Ext Density      : 35%
# Layer       M6 - Window size      : 100.0um X 100.0um
# Layer       M6 - Window step      : 50.0um X 50.0um
# Layer       M6 - Min Density      : 20%
# Layer       M6 - Pref Density     : 35%
# Layer       M6 - Max Density      : 80%
# Layer       M6 - Ext Density      : 35%
###############################################################


    Layer    Density(%)          Window  
***************************************************

      M6        0.00    (-392 -431.1) (-292 -331.1)
      M6        0.00    (-342 -431.1) (-242 -331.1)
      M6        0.00    (-292 -431.1) (-192 -331.1)
      M6        0.00    (-242 -431.1) (-142 -331.1)
      M6        0.00    (-192 -431.1) (-92 -331.1)
      M6        0.00    (-142 -431.1) (-42 -331.1)
      M6        0.00    (-92 -431.1) (8 -331.1)
      M6        0.00    (-42 -431.1) (58 -331.1)
      M6        0.00    (8 -431.1) (108 -331.1)
      M6        1.28    (58 -431.1) (158 -331.1)
      M6        0.00    (258 -431.1) (358 -331.1)
      M6        0.00    (292 -431.1) (392 -331.1)
      M6        0.00    (-392 -381.1) (-292 -281.1)
      M6        0.00    (-342 -381.1) (-242 -281.1)
      M6        0.00    (-292 -381.1) (-192 -281.1)
      M6        0.00    (-242 -381.1) (-142 -281.1)
      M6        0.00    (-192 -381.1) (-92 -281.1)
      M6        0.00    (-142 -381.1) (-42 -281.1)
      M6        0.00    (-92 -381.1) (8 -281.1)
      M6        0.00    (-42 -381.1) (58 -281.1)
      M6        0.00    (8 -381.1) (108 -281.1)
      M6        0.48    (58 -381.1) (158 -281.1)
      M6       15.49    (108 -381.1) (208 -281.1)
      M6        8.53    (208 -381.1) (308 -281.1)
      M6        0.00    (258 -381.1) (358 -281.1)
      M6        0.00    (292 -381.1) (392 -281.1)
      M6       13.33    (-342 -331.1) (-242 -231.1)
      M6        0.00    (-292 -331.1) (-192 -231.1)
      M6        6.38    (-242 -331.1) (-142 -231.1)
      M6        0.00    (158 -331.1) (258 -231.1)
      M6        0.00    (208 -331.1) (308 -231.1)
      M6        0.00    (258 -331.1) (358 -231.1)
      M6        0.00    (292 -331.1) (392 -231.1)
      M6        6.38    (-292 -281.1) (-192 -181.1)
      M6       11.26    (158 -281.1) (258 -181.1)
      M6        4.08    (208 -281.1) (308 -181.1)
      M6        0.00    (258 -281.1) (358 -181.1)
      M6        0.00    (292 -281.1) (392 -181.1)
      M6       10.68    (-342 -231.1) (-242 -131.1)
      M6       18.27    (208 -231.1) (308 -131.1)
      M6        0.00    (258 -231.1) (358 -131.1)
      M6        0.00    (292 -231.1) (392 -131.1)
      M6        0.00    (-392 -181.1) (-292 -81.1)
      M6        0.00    (-342 -181.1) (-242 -81.1)
      M6       88.53    (-242 -181.1) (-142 -81.1)
      M6       14.04    (-142 -181.1) (-42 -81.1)
      M6        7.76    (-92 -181.1) (8 -81.1)
      M6        7.76    (-42 -181.1) (58 -81.1)
      M6        7.76    (8 -181.1) (108 -81.1)
      M6        0.00    (258 -181.1) (358 -81.1)
      M6        0.00    (292 -181.1) (392 -81.1)
      M6        0.00    (-392 -131.1) (-292 -31.1)
      M6        0.00    (-342 -131.1) (-242 -31.1)
      M6       88.49    (-242 -131.1) (-142 -31.1)
      M6       14.77    (-142 -131.1) (-42 -31.1)
      M6        8.00    (-92 -131.1) (8 -31.1)
      M6        8.00    (-42 -131.1) (58 -31.1)
      M6        8.00    (8 -131.1) (108 -31.1)
      M6        0.00    (258 -131.1) (358 -31.1)
      M6        0.00    (292 -131.1) (392 -31.1)
      M6        0.00    (-392 -81.1) (-292 18.9)
      M6        0.00    (-342 -81.1) (-242 18.9)
      M6       88.39    (-242 -81.1) (-142 18.9)
      M6       14.77    (-142 -81.1) (-42 18.9)
      M6        8.00    (-92 -81.1) (8 18.9)
      M6        8.00    (-42 -81.1) (58 18.9)
      M6        8.00    (8 -81.1) (108 18.9)
      M6        0.00    (258 -81.1) (358 18.9)
      M6        0.00    (292 -81.1) (392 18.9)
      M6        0.00    (-392 -31.1) (-292 68.9)
      M6        0.00    (-342 -31.1) (-242 68.9)
      M6       88.05    (-242 -31.1) (-142 68.9)
      M6       14.77    (-142 -31.1) (-42 68.9)
      M6        8.00    (-92 -31.1) (8 68.9)
      M6        8.00    (-42 -31.1) (58 68.9)
      M6        8.00    (8 -31.1) (108 68.9)
      M6        0.00    (258 -31.1) (358 68.9)
      M6        0.00    (292 -31.1) (392 68.9)
      M6        0.00    (-392 18.9) (-292 118.9)
      M6        0.00    (-342 18.9) (-242 118.9)
      M6       88.08    (-242 18.9) (-142 118.9)
      M6       14.77    (-142 18.9) (-42 118.9)
      M6        8.00    (-92 18.9) (8 118.9)
      M6        8.00    (-42 18.9) (58 118.9)
      M6        8.00    (8 18.9) (108 118.9)
      M6        0.00    (258 18.9) (358 118.9)
      M6        0.00    (292 18.9) (392 118.9)
      M6        0.00    (-392 68.9) (-292 168.9)
      M6        0.00    (-342 68.9) (-242 168.9)
      M6       88.68    (-242 68.9) (-142 168.9)
      M6       14.77    (-142 68.9) (-42 168.9)
      M6        8.00    (-92 68.9) (8 168.9)
      M6        8.00    (-42 68.9) (58 168.9)
      M6        8.00    (8 68.9) (108 168.9)
      M6        0.00    (258 68.9) (358 168.9)
      M6        0.00    (292 68.9) (392 168.9)
      M6        0.00    (-392 118.9) (-292 218.9)
      M6        0.00    (-342 118.9) (-242 218.9)
      M6       10.77    (258 118.9) (358 218.9)
      M6       18.72    (292 118.9) (392 218.9)
      M6        0.00    (-392 168.9) (-292 268.9)
      M6        0.00    (-342 168.9) (-242 268.9)
      M6       11.81    (-292 168.9) (-192 268.9)
      M6        7.56    (208 168.9) (308 268.9)
      M6        0.00    (-392 218.9) (-292 318.9)
      M6        0.00    (-342 218.9) (-242 318.9)
      M6        0.00    (-292 218.9) (-192 318.9)
      M6        8.13    (-242 218.9) (-142 318.9)
      M6        0.00    (158 218.9) (258 318.9)
      M6        0.00    (208 218.9) (308 318.9)
      M6        0.00    (-392 268.9) (-292 368.9)
      M6        0.00    (-342 268.9) (-242 368.9)
      M6        7.91    (-292 268.9) (-192 368.9)
      M6       15.20    (-242 268.9) (-142 368.9)
      M6       10.59    (-192 268.9) (-92 368.9)
      M6        6.60    (-142 268.9) (-42 368.9)
      M6        6.60    (-92 268.9) (8 368.9)
      M6        6.60    (-42 268.9) (58 368.9)
      M6        6.60    (8 268.9) (108 368.9)
      M6        6.50    (58 268.9) (158 368.9)
      M6        3.20    (108 268.9) (208 368.9)
      M6        0.00    (158 268.9) (258 368.9)
      M6        0.00    (208 268.9) (308 368.9)
      M6        3.04    (258 268.9) (358 368.9)
      M6        5.29    (292 268.9) (392 368.9)
      M6        0.00    (-392 318.9) (-292 418.9)
      M6        0.00    (-342 318.9) (-242 418.9)
      M6        0.00    (-142 318.9) (-42 418.9)
      M6        0.00    (-92 318.9) (8 418.9)
      M6        0.00    (-42 318.9) (58 418.9)
      M6        0.00    (8 318.9) (108 418.9)
      M6        0.00    (58 318.9) (158 418.9)
      M6        0.00    (108 318.9) (208 418.9)
      M6        0.00    (158 318.9) (258 418.9)
      M6        0.00    (208 318.9) (308 418.9)
      M6        0.00    (258 318.9) (358 418.9)
      M6        0.00    (292 318.9) (392 418.9)
      M6        0.00    (-392 331.1) (-292 431.1)
      M6        0.00    (-342 331.1) (-242 431.1)
      M6        0.00    (-142 331.1) (-42 431.1)
      M6        0.00    (-92 331.1) (8 431.1)
      M6        0.00    (-42 331.1) (58 431.1)
      M6        0.00    (8 331.1) (108 431.1)
      M6        0.00    (58 331.1) (158 431.1)
      M6        0.00    (108 331.1) (208 431.1)
      M6        0.00    (158 331.1) (258 431.1)
      M6        0.00    (208 331.1) (308 431.1)
      M6        0.00    (258 331.1) (358 431.1)
      M6        0.00    (292 331.1) (392 431.1)

      M5        0.00    (-392 -431.1) (-292 -331.1)
      M5        0.00    (-342 -431.1) (-242 -331.1)
      M5        0.00    (-292 -431.1) (-192 -331.1)
      M5        0.00    (-242 -431.1) (-142 -331.1)
      M5        0.00    (-192 -431.1) (-92 -331.1)
      M5        0.00    (-142 -431.1) (-42 -331.1)
      M5        0.00    (-92 -431.1) (8 -331.1)
      M5        0.00    (-42 -431.1) (58 -331.1)
      M5        0.00    (8 -431.1) (108 -331.1)
      M5        1.28    (58 -431.1) (158 -331.1)
      M5        0.00    (258 -431.1) (358 -331.1)
      M5        0.00    (292 -431.1) (392 -331.1)
      M5        0.00    (-392 -381.1) (-292 -281.1)
      M5        0.00    (-342 -381.1) (-242 -281.1)
      M5        0.00    (-292 -381.1) (-192 -281.1)
      M5        0.00    (-242 -381.1) (-142 -281.1)
      M5        0.00    (-192 -381.1) (-92 -281.1)
      M5        0.00    (-142 -381.1) (-42 -281.1)
      M5        0.00    (-92 -381.1) (8 -281.1)
      M5        0.00    (-42 -381.1) (58 -281.1)
      M5        0.00    (8 -381.1) (108 -281.1)
      M5        0.48    (58 -381.1) (158 -281.1)
      M5       15.49    (108 -381.1) (208 -281.1)
      M5        8.53    (208 -381.1) (308 -281.1)
      M5        0.00    (258 -381.1) (358 -281.1)
      M5        0.00    (292 -381.1) (392 -281.1)
      M5       13.33    (-342 -331.1) (-242 -231.1)
      M5        0.00    (-292 -331.1) (-192 -231.1)
      M5        6.38    (-242 -331.1) (-142 -231.1)
      M5        0.00    (158 -331.1) (258 -231.1)
      M5        0.00    (208 -331.1) (308 -231.1)
      M5        0.00    (258 -331.1) (358 -231.1)
      M5        0.00    (292 -331.1) (392 -231.1)
      M5        6.38    (-292 -281.1) (-192 -181.1)
      M5       88.20    (-142 -281.1) (-42 -181.1)
      M5       88.16    (-92 -281.1) (8 -181.1)
      M5       88.16    (-42 -281.1) (58 -181.1)
      M5       88.20    (8 -281.1) (108 -181.1)
      M5       86.45    (58 -281.1) (158 -181.1)
      M5       11.26    (158 -281.1) (258 -181.1)
      M5        4.08    (208 -281.1) (308 -181.1)
      M5        0.00    (258 -281.1) (358 -181.1)
      M5        0.00    (292 -281.1) (392 -181.1)
      M5       10.68    (-342 -231.1) (-242 -131.1)
      M5       18.27    (208 -231.1) (308 -131.1)
      M5        0.00    (258 -231.1) (358 -131.1)
      M5        0.00    (292 -231.1) (392 -131.1)
      M5        0.00    (-392 -181.1) (-292 -81.1)
      M5        0.00    (-342 -181.1) (-242 -81.1)
      M5       10.52    (-142 -181.1) (-42 -81.1)
      M5       11.10    (-92 -181.1) (8 -81.1)
      M5       11.10    (-42 -181.1) (58 -81.1)
      M5       11.10    (8 -181.1) (108 -81.1)
      M5        9.79    (58 -181.1) (158 -81.1)
      M5        0.00    (258 -181.1) (358 -81.1)
      M5        0.00    (292 -181.1) (392 -81.1)
      M5        0.00    (-392 -131.1) (-292 -31.1)
      M5        0.00    (-342 -131.1) (-242 -31.1)
      M5        0.00    (-142 -131.1) (-42 -31.1)
      M5        0.00    (-92 -131.1) (8 -31.1)
      M5        0.00    (-42 -131.1) (58 -31.1)
      M5        0.00    (8 -131.1) (108 -31.1)
      M5        0.95    (58 -131.1) (158 -31.1)
      M5        0.00    (258 -131.1) (358 -31.1)
      M5        0.00    (292 -131.1) (392 -31.1)
      M5        0.00    (-392 -81.1) (-292 18.9)
      M5        0.00    (-342 -81.1) (-242 18.9)
      M5        0.00    (-142 -81.1) (-42 18.9)
      M5        0.00    (-92 -81.1) (8 18.9)
      M5        0.00    (-42 -81.1) (58 18.9)
      M5        0.00    (8 -81.1) (108 18.9)
      M5        0.95    (58 -81.1) (158 18.9)
      M5        0.00    (258 -81.1) (358 18.9)
      M5        0.00    (292 -81.1) (392 18.9)
      M5        0.00    (-392 -31.1) (-292 68.9)
      M5        0.00    (-342 -31.1) (-242 68.9)
      M5        0.00    (-142 -31.1) (-42 68.9)
      M5        0.00    (-92 -31.1) (8 68.9)
      M5        0.00    (-42 -31.1) (58 68.9)
      M5        0.00    (8 -31.1) (108 68.9)
      M5        0.96    (58 -31.1) (158 68.9)
      M5        0.00    (258 -31.1) (358 68.9)
      M5        0.00    (292 -31.1) (392 68.9)
      M5        0.00    (-392 18.9) (-292 118.9)
      M5        0.00    (-342 18.9) (-242 118.9)
      M5        0.00    (-142 18.9) (-42 118.9)
      M5        0.00    (-92 18.9) (8 118.9)
      M5        0.00    (-42 18.9) (58 118.9)
      M5        0.00    (8 18.9) (108 118.9)
      M5        0.95    (58 18.9) (158 118.9)
      M5        0.00    (258 18.9) (358 118.9)
      M5        0.00    (292 18.9) (392 118.9)
      M5        0.00    (-392 68.9) (-292 168.9)
      M5        0.00    (-342 68.9) (-242 168.9)
      M5        4.37    (-142 68.9) (-42 168.9)
      M5        4.64    (-92 68.9) (8 168.9)
      M5        4.64    (-42 68.9) (58 168.9)
      M5        4.64    (8 68.9) (108 168.9)
      M5        4.57    (58 68.9) (158 168.9)
      M5        0.00    (258 68.9) (358 168.9)
      M5        0.00    (292 68.9) (392 168.9)
      M5        0.00    (-392 118.9) (-292 218.9)
      M5        0.00    (-342 118.9) (-242 218.9)
      M5       10.77    (258 118.9) (358 218.9)
      M5       18.72    (292 118.9) (392 218.9)
      M5        0.00    (-392 168.9) (-292 268.9)
      M5        0.00    (-342 168.9) (-242 268.9)
      M5       11.81    (-292 168.9) (-192 268.9)
      M5       87.75    (-142 168.9) (-42 268.9)
      M5       88.02    (-92 168.9) (8 268.9)
      M5       88.02    (-42 168.9) (58 268.9)
      M5       88.06    (8 168.9) (108 268.9)
      M5       85.29    (58 168.9) (158 268.9)
      M5        7.56    (208 168.9) (308 268.9)
      M5        0.00    (-392 218.9) (-292 318.9)
      M5        0.00    (-342 218.9) (-242 318.9)
      M5        0.00    (-292 218.9) (-192 318.9)
      M5        8.13    (-242 218.9) (-142 318.9)
      M5        0.00    (158 218.9) (258 318.9)
      M5        0.00    (208 218.9) (308 318.9)
      M5        0.00    (-392 268.9) (-292 368.9)
      M5        0.00    (-342 268.9) (-242 368.9)
      M5        7.91    (-292 268.9) (-192 368.9)
      M5       15.20    (-242 268.9) (-142 368.9)
      M5       10.59    (-192 268.9) (-92 368.9)
      M5        6.60    (-142 268.9) (-42 368.9)
      M5        6.60    (-92 268.9) (8 368.9)
      M5        6.60    (-42 268.9) (58 368.9)
      M5        6.60    (8 268.9) (108 368.9)
      M5        6.50    (58 268.9) (158 368.9)
      M5        3.20    (108 268.9) (208 368.9)
      M5        0.00    (158 268.9) (258 368.9)
      M5        0.00    (208 268.9) (308 368.9)
      M5        3.04    (258 268.9) (358 368.9)
      M5        5.29    (292 268.9) (392 368.9)
      M5        0.00    (-392 318.9) (-292 418.9)
      M5        0.00    (-342 318.9) (-242 418.9)
      M5        0.00    (-142 318.9) (-42 418.9)
      M5        0.00    (-92 318.9) (8 418.9)
      M5        0.00    (-42 318.9) (58 418.9)
      M5        0.00    (8 318.9) (108 418.9)
      M5        0.00    (58 318.9) (158 418.9)
      M5        0.00    (108 318.9) (208 418.9)
      M5        0.00    (158 318.9) (258 418.9)
      M5        0.00    (208 318.9) (308 418.9)
      M5        0.00    (258 318.9) (358 418.9)
      M5        0.00    (292 318.9) (392 418.9)
      M5        0.00    (-392 331.1) (-292 431.1)
      M5        0.00    (-342 331.1) (-242 431.1)
      M5        0.00    (-142 331.1) (-42 431.1)
      M5        0.00    (-92 331.1) (8 431.1)
      M5        0.00    (-42 331.1) (58 431.1)
      M5        0.00    (8 331.1) (108 431.1)
      M5        0.00    (58 331.1) (158 431.1)
      M5        0.00    (108 331.1) (208 431.1)
      M5        0.00    (158 331.1) (258 431.1)
      M5        0.00    (208 331.1) (308 431.1)
      M5        0.00    (258 331.1) (358 431.1)
      M5        0.00    (292 331.1) (392 431.1)

      M4       19.75    (-142 -231.1) (-42 -131.1)
      M4       16.56    (-92 -231.1) (8 -131.1)
      M4       16.74    (-42 -231.1) (58 -131.1)
      M4       16.74    (8 -231.1) (108 -131.1)
      M4       14.26    (-142 -181.1) (-42 -81.1)
      M4        7.76    (-92 -181.1) (8 -81.1)
      M4        8.04    (-42 -181.1) (58 -81.1)
      M4        8.04    (8 -181.1) (108 -81.1)
      M4       14.77    (-142 -131.1) (-42 -31.1)
      M4        8.09    (-92 -131.1) (8 -31.1)
      M4        9.20    (-42 -131.1) (58 -31.1)
      M4        9.25    (8 -131.1) (108 -31.1)
      M4       14.77    (-142 -81.1) (-42 18.9)
      M4        8.21    (-92 -81.1) (8 18.9)
      M4       10.09    (-42 -81.1) (58 18.9)
      M4       10.13    (8 -81.1) (108 18.9)
      M4       14.77    (-142 -31.1) (-42 68.9)
      M4        8.40    (-92 -31.1) (8 68.9)
      M4        9.44    (-42 -31.1) (58 68.9)
      M4        9.16    (8 -31.1) (108 68.9)
      M4       14.77    (-142 18.9) (-42 118.9)
      M4        8.56    (-92 18.9) (8 118.9)
      M4        8.84    (-42 18.9) (58 118.9)
      M4        8.28    (8 18.9) (108 118.9)
      M4       14.86    (-142 68.9) (-42 168.9)
      M4        8.56    (-92 68.9) (8 168.9)
      M4        8.84    (-42 68.9) (58 168.9)
      M4        8.28    (8 68.9) (108 168.9)
      M4       17.18    (-142 118.9) (-42 218.9)
      M4       13.63    (-92 118.9) (8 218.9)
      M4       13.84    (-42 118.9) (58 218.9)
      M4       13.43    (8 118.9) (108 218.9)

      M3       17.86    (-192 -181.1) (-92 -81.1)
      M3       10.80    (-142 -181.1) (-42 -81.1)
      M3       11.37    (-92 -181.1) (8 -81.1)
      M3       11.23    (-42 -181.1) (58 -81.1)
      M3       11.10    (8 -181.1) (108 -81.1)
      M3        9.70    (58 -181.1) (158 -81.1)
      M3       12.76    (-192 -131.1) (-92 -31.1)
      M3        0.28    (-142 -131.1) (-42 -31.1)
      M3        0.85    (-92 -131.1) (8 -31.1)
      M3        3.18    (-42 -131.1) (58 -31.1)
      M3        3.68    (8 -131.1) (108 -31.1)
      M3        2.25    (58 -131.1) (158 -31.1)
      M3       18.52    (108 -131.1) (208 -31.1)
      M3       13.21    (-192 -81.1) (-92 18.9)
      M3        0.56    (-142 -81.1) (-42 18.9)
      M3        1.68    (-92 -81.1) (8 18.9)
      M3        6.42    (-42 -81.1) (58 18.9)
      M3        7.82    (8 -81.1) (108 18.9)
      M3        4.08    (58 -81.1) (158 18.9)
      M3       18.76    (108 -81.1) (208 18.9)
      M3       14.31    (-192 -31.1) (-92 68.9)
      M3        0.54    (-142 -31.1) (-42 68.9)
      M3        0.83    (-92 -31.1) (8 68.9)
      M3        3.24    (-42 -31.1) (58 68.9)
      M3        4.14    (8 -31.1) (108 68.9)
      M3        2.73    (58 -31.1) (158 68.9)
      M3       18.63    (108 -31.1) (208 68.9)
      M3       14.01    (-192 18.9) (-92 118.9)
      M3        0.26    (-142 18.9) (-42 118.9)
      M3        0.00    (-92 18.9) (8 118.9)
      M3        0.00    (-42 18.9) (58 118.9)
      M3        0.00    (8 18.9) (108 118.9)
      M3        0.79    (58 18.9) (158 118.9)
      M3       18.28    (108 18.9) (208 118.9)
      M3       14.73    (-192 68.9) (-92 168.9)
      M3        4.37    (-142 68.9) (-42 168.9)
      M3        4.64    (-92 68.9) (8 168.9)
      M3        4.64    (-42 68.9) (58 168.9)
      M3        4.64    (8 68.9) (108 168.9)
      M3        4.37    (58 68.9) (158 168.9)
      M3       19.52    (108 68.9) (208 168.9)

      M2       19.91    (-142 -231.1) (-42 -131.1)
      M2       17.37    (-92 -231.1) (8 -131.1)
      M2       17.76    (-42 -231.1) (58 -131.1)
      M2       17.45    (8 -231.1) (108 -131.1)
      M2       14.26    (-142 -181.1) (-42 -81.1)
      M2        9.04    (-92 -181.1) (8 -81.1)
      M2        9.81    (-42 -181.1) (58 -81.1)
      M2        9.09    (8 -181.1) (108 -81.1)
      M2       14.77    (-142 -131.1) (-42 -31.1)
      M2       10.17    (-92 -131.1) (8 -31.1)
      M2       13.16    (-42 -131.1) (58 -31.1)
      M2       12.63    (8 -131.1) (108 -31.1)
      M2       14.77    (-142 -81.1) (-42 18.9)
      M2       10.29    (-92 -81.1) (8 18.9)
      M2       15.07    (-42 -81.1) (58 18.9)
      M2       15.90    (8 -81.1) (108 18.9)
      M2       14.78    (-142 -31.1) (-42 68.9)
      M2        9.12    (-92 -31.1) (8 68.9)
      M2       11.47    (-42 -31.1) (58 68.9)
      M2       12.82    (8 -31.1) (108 68.9)
      M2       14.78    (-142 18.9) (-42 118.9)
      M2        8.56    (-92 18.9) (8 118.9)
      M2        8.84    (-42 18.9) (58 118.9)
      M2        9.46    (8 18.9) (108 118.9)
      M2       14.86    (-142 68.9) (-42 168.9)
      M2        8.56    (-92 68.9) (8 168.9)
      M2        8.84    (-42 68.9) (58 168.9)
      M2        9.01    (8 68.9) (108 168.9)
      M2       17.34    (-142 118.9) (-42 218.9)
      M2       13.79    (-92 118.9) (8 218.9)
      M2       13.96    (-42 118.9) (58 218.9)
      M2       13.86    (8 118.9) (108 218.9)

      M1       19.79    (8 -181.1) (108 -81.1)
      M1       11.46    (58 -181.1) (158 -81.1)
      M1       16.77    (-142 -131.1) (-42 -31.1)
      M1       19.33    (-92 -131.1) (8 -31.1)
      M1       17.82    (8 -131.1) (108 -31.1)
      M1        9.86    (58 -131.1) (158 -31.1)
      M1       16.58    (-142 -81.1) (-42 18.9)
      M1       19.82    (-92 -81.1) (8 18.9)
      M1       17.63    (58 -81.1) (158 18.9)
      M1       18.53    (-142 -31.1) (-42 68.9)
      M1       18.76    (-92 -31.1) (8 68.9)
      M1       16.84    (58 -31.1) (158 68.9)
      M1       18.58    (-142 18.9) (-42 118.9)
      M1       18.15    (-92 18.9) (8 118.9)
      M1       18.16    (-42 18.9) (58 118.9)
      M1       18.34    (8 18.9) (108 118.9)
      M1       15.66    (58 18.9) (158 118.9)
      M1       19.31    (-142 68.9) (-42 168.9)
      M1       18.03    (58 68.9) (158 168.9)


A total of 432 density violation(s).
Windows < Min. Density = 416
Windows > Max. Density = 16
Windows < Min. Union. Density = 0
Windows > Max. Union. Density = 0
