Cadence Genus(TM) Synthesis Solution.
Copyright 2020 Cadence Design Systems, Inc. All rights reserved worldwide.
Cadence and the Cadence logo are registered trademarks and Genus is a trademark
of Cadence Design Systems, Inc. in the United States and other countries.

Version: 20.10-p001_1, built Fri Dec 11 02:59:55 PST 2020
Options: -files alu.tcl 
Date:    Thu Apr 20 15:23:00 2023
Host:    AVLSI-PC22 (x86_64 w/Linux 2.6.32-431.el6.x86_64) (4cores*4cpus*1physical cpu*Intel(R) Xeon(R) CPU X3450 @ 2.67GHz 8192KB) (7996164KB)
PID:     31390
OS:      Red Hat Enterprise Linux Server release 6.5 (Santiago)

Checkout succeeded: Genus_Synthesis/1FD574E376BFE9FA0B52
	License file: 5280@192.168.16.150
	License Server: 5280@192.168.16.150
Checking out license: Genus_Synthesis


***********************************************************************************************************
***********************************************************************************************************



Loading tool scripts...

Finished loading tool scripts (17 seconds elapsed).

#@ Processing -files option
@genus 1> source alu.tcl
#@ Begin verbose source ./alu.tcl
@file(alu.tcl) 1: set_attribute lib_search_path {../lib/new}
Error   : The tool is running in common ui mode. [TUI-509] [::unknown]
        : Command 'set_attribute' is a legacy ui command.
        : Use set_db/get_db instead or do set_db common_ui false at start of the run.
#@ End verbose source ./alu.tcl

Encountered problems processing file: alu.tcl
WARNING: This version of the tool is 859 days old.
@genus:root: 2> 
@genus:root: 2> 
@genus:root: 2> 
@genus:root: 2> 
@genus:root: 2> 
@genus:root: 2> 
@genus:root: 2> jhds
invalid command name "jhds"
@genus:root: 3> exit
Normal exit.